Arguments: 
  C:\Program Files\nodejs\node.exe C:\Users\victo\AppData\Roaming\npm\node_modules\yarn\bin\yarn.js add babel-preset-react@6.24.1 babel-present-env@1.5.2

PATH: 
  C:\laragon\bin\cmder\bin;C:\WINDOWS\system32;C:\WINDOWS;C:\WINDOWS\System32\Wbem;C:\WINDOWS\System32\WindowsPowerShell\v1.0\;C:\WINDOWS\System32\OpenSSH\;C:\Program Files\Git\cmd;C:\Program Files\nodejs\;C:\Users\victo\AppData\Local\Microsoft\WindowsApps;C:\Users\victo\AppData\Local\Programs\Microsoft VS Code\bin;C:\Users\victo\AppData\Roaming\npm;C:\wamp64\bin\php\php7.3.12;C:\wamp64\bin\php\php7.4.0;C:\Users\victo\AppData\Local\GitHubDesktop\bin;C:\Program Files\Git\usr\bin;C:\Program Files\Git\usr\share\vim\vim74;C:\laragon\bin\cmder\

Yarn version: 
  1.22.0

Node version: 
  12.14.1

Platform: 
  win32 x64

Trace: 
  Error: https://registry.yarnpkg.com/babel-present-env: Not found
      at Request.params.callback [as _callback] (C:\Users\victo\AppData\Roaming\npm\node_modules\yarn\lib\cli.js:66975:18)
      at Request.self.callback (C:\Users\victo\AppData\Roaming\npm\node_modules\yarn\lib\cli.js:140727:22)
      at Request.emit (events.js:223:5)
      at Request.<anonymous> (C:\Users\victo\AppData\Roaming\npm\node_modules\yarn\lib\cli.js:141699:10)
      at Request.emit (events.js:223:5)
      at IncomingMessage.<anonymous> (C:\Users\victo\AppData\Roaming\npm\node_modules\yarn\lib\cli.js:141621:12)
      at Object.onceWrapper (events.js:312:28)
      at IncomingMessage.emit (events.js:228:7)
      at endReadableNT (_stream_readable.js:1185:12)
      at processTicksAndRejections (internal/process/task_queues.js:81:21)

npm manifest: 
  {
    "name": "indecision-app",
    "version": "1.0.0",
    "main": "index.js",
    "license": "MIT"
  }

yarn manifest: 
  No manifest

Lockfile: 
  No lockfile
